<?xml version="1.0" encoding="UTF-8"?>
<!-- Generated by org.testng.reporters.JUnitXMLReporter -->
<testsuite ignored="0" hostname="Naveen" failures="0" tests="3" name="Default test" time="20.253" errors="0" timestamp="2023-09-11T21:23:41 IST">
  <testcase classname="com.bank.qa.testcases.LoginTest" name="loginPageTitleTest" time="0.02"/>
  <testcase classname="com.bank.qa.testcases.LoginTest" name="verifySiteLogo" time="0.085"/>
  <testcase classname="com.bank.qa.testcases.LoginTest" name="verifyLogin" time="2.005"/>
</testsuite> <!-- Default test -->
