<?xml version="1.0" encoding="UTF-8"?>
<!-- Generated by org.testng.reporters.JUnitXMLReporter -->
<testsuite ignored="0" hostname="Naveen" failures="0" tests="8" name="Default test" time="52.97" errors="0" timestamp="2024-03-14T18:32:08 IST">
  <testcase classname="com.bank.qa.testcases.LoginPageInvalidLoginsTest" name="verifyInvalidLogins" time="0.747"/>
  <testcase classname="com.bank.qa.testcases.LoginPageInvalidLoginsTest" name="verifyInvalidLogins" time="1.003"/>
  <testcase classname="com.bank.qa.testcases.LoginPageInvalidLoginsTest" name="verifyInvalidLogins" time="3.394"/>
  <testcase classname="com.bank.qa.testcases.LoginPageInvalidLoginsTest" name="verifyInvalidLogins" time="3.725"/>
  <testcase classname="com.bank.qa.testcases.LoginPageInvalidLoginsTest" name="verifyInvalidLogins" time="0.817"/>
  <testcase classname="com.bank.qa.testcases.LoginPageInvalidLoginsTest" name="verifyInvalidLogins" time="1.01"/>
  <testcase classname="com.bank.qa.testcases.LoginPageInvalidLoginsTest" name="verifyInvalidLogins" time="0.763"/>
  <testcase classname="com.bank.qa.testcases.LoginPageInvalidLoginsTest" name="verifyInvalidLogins" time="0.825"/>
</testsuite> <!-- Default test -->
