<?xml version="1.0" encoding="UTF-8"?>
<testng-results ignored="0" total="14" passed="11" failed="0" skipped="3">
  <reporter-output>
  </reporter-output>
  <suite started-at="2024-03-20T15:10:17 IST" name="Bank Application Sanity Automation Test" finished-at="2024-03-20T15:11:54 IST" duration-ms="97072">
    <groups>
    </groups>
    <test started-at="2024-03-20T15:10:17 IST" name="GURU Bank Site Test" finished-at="2024-03-20T15:11:54 IST" duration-ms="97072">
      <class name="com.bank.qa.testcases.HomePageTest">
        <test-method is-config="true" signature="setup()[pri:0, instance:com.bank.qa.testcases.HomePageTest@6c6cb480]" started-at="2024-03-20T15:11:33 IST" name="setup" finished-at="2024-03-20T15:11:54 IST" duration-ms="21333" status="FAIL">
          <exception class="org.openqa.selenium.TimeoutException">
            <message>
              <![CDATA[timeout: Timed out receiving message from renderer: 18.965
  (Session info: chrome=122.0.6261.112)
Build info: version: '4.18.1', revision: 'b1d3319b48'
System info: os.name: 'Windows 11', os.arch: 'amd64', os.version: '10.0', java.version: '17.0.8'
Driver info: org.openqa.selenium.chrome.ChromeDriver
Command: [36fdd2b8d6fac45dbd8199954d47ab70, get {url=https://demo.guru99.com/V4/index.php}]
Capabilities {acceptInsecureCerts: false, browserName: chrome, browserVersion: 122.0.6261.112, chrome: {chromedriverVersion: 122.0.6261.128 (f18a44fedeb..., userDataDir: C:\Users\navee\AppData\Loca...}, fedcm:accounts: true, goog:chromeOptions: {debuggerAddress: localhost:52103}, networkConnectionEnabled: false, pageLoadStrategy: normal, platformName: windows, proxy: Proxy(), se:cdp: ws://localhost:52103/devtoo..., se:cdpVersion: 122.0.6261.112, setWindowRect: true, strictFileInteractability: false, timeouts: {implicit: 0, pageLoad: 300000, script: 30000}, unhandledPromptBehavior: dismiss and notify, webauthn:extension:credBlob: true, webauthn:extension:largeBlob: true, webauthn:extension:minPinLength: true, webauthn:extension:prf: true, webauthn:virtualAuthenticators: true}
Session ID: 36fdd2b8d6fac45dbd8199954d47ab70]]>
            </message>
            <full-stacktrace>
              <![CDATA[org.openqa.selenium.TimeoutException: timeout: Timed out receiving message from renderer: 18.965
  (Session info: chrome=122.0.6261.112)
Build info: version: '4.18.1', revision: 'b1d3319b48'
System info: os.name: 'Windows 11', os.arch: 'amd64', os.version: '10.0', java.version: '17.0.8'
Driver info: org.openqa.selenium.chrome.ChromeDriver
Command: [36fdd2b8d6fac45dbd8199954d47ab70, get {url=https://demo.guru99.com/V4/index.php}]
Capabilities {acceptInsecureCerts: false, browserName: chrome, browserVersion: 122.0.6261.112, chrome: {chromedriverVersion: 122.0.6261.128 (f18a44fedeb..., userDataDir: C:\Users\navee\AppData\Loca...}, fedcm:accounts: true, goog:chromeOptions: {debuggerAddress: localhost:52103}, networkConnectionEnabled: false, pageLoadStrategy: normal, platformName: windows, proxy: Proxy(), se:cdp: ws://localhost:52103/devtoo..., se:cdpVersion: 122.0.6261.112, setWindowRect: true, strictFileInteractability: false, timeouts: {implicit: 0, pageLoad: 300000, script: 30000}, unhandledPromptBehavior: dismiss and notify, webauthn:extension:credBlob: true, webauthn:extension:largeBlob: true, webauthn:extension:minPinLength: true, webauthn:extension:prf: true, webauthn:virtualAuthenticators: true}
Session ID: 36fdd2b8d6fac45dbd8199954d47ab70
at java.base/jdk.internal.reflect.NativeConstructorAccessorImpl.newInstance0(Native Method)
at java.base/jdk.internal.reflect.NativeConstructorAccessorImpl.newInstance(NativeConstructorAccessorImpl.java:77)
at java.base/jdk.internal.reflect.DelegatingConstructorAccessorImpl.newInstance(DelegatingConstructorAccessorImpl.java:45)
at java.base/java.lang.reflect.Constructor.newInstanceWithCaller(Constructor.java:499)
at java.base/java.lang.reflect.Constructor.newInstance(Constructor.java:480)
at org.openqa.selenium.remote.ErrorCodec.decode(ErrorCodec.java:167)
at org.openqa.selenium.remote.codec.w3c.W3CHttpResponseCodec.decode(W3CHttpResponseCodec.java:138)
at org.openqa.selenium.remote.codec.w3c.W3CHttpResponseCodec.decode(W3CHttpResponseCodec.java:50)
at org.openqa.selenium.remote.HttpCommandExecutor.execute(HttpCommandExecutor.java:190)
at org.openqa.selenium.remote.service.DriverCommandExecutor.invokeExecute(DriverCommandExecutor.java:216)
at org.openqa.selenium.remote.service.DriverCommandExecutor.execute(DriverCommandExecutor.java:174)
at org.openqa.selenium.remote.RemoteWebDriver.execute(RemoteWebDriver.java:519)
at org.openqa.selenium.remote.RemoteWebDriver.get(RemoteWebDriver.java:301)
at com.bank.qa.base.TestBase.initialization(TestBase.java:71)
at com.bank.qa.testcases.HomePageTest.setup(HomePageTest.java:32)
at java.base/jdk.internal.reflect.NativeMethodAccessorImpl.invoke0(Native Method)
at java.base/jdk.internal.reflect.NativeMethodAccessorImpl.invoke(NativeMethodAccessorImpl.java:77)
at java.base/jdk.internal.reflect.DelegatingMethodAccessorImpl.invoke(DelegatingMethodAccessorImpl.java:43)
at java.base/java.lang.reflect.Method.invoke(Method.java:568)
at org.testng.internal.invokers.MethodInvocationHelper.invokeMethod(MethodInvocationHelper.java:139)
at org.testng.internal.invokers.MethodInvocationHelper.invokeMethodConsideringTimeout(MethodInvocationHelper.java:69)
at org.testng.internal.invokers.ConfigInvoker.invokeConfigurationMethod(ConfigInvoker.java:390)
at org.testng.internal.invokers.ConfigInvoker.invokeConfigurations(ConfigInvoker.java:325)
at org.testng.internal.invokers.TestInvoker.runConfigMethods(TestInvoker.java:810)
at org.testng.internal.invokers.TestInvoker.invokeMethod(TestInvoker.java:577)
at org.testng.internal.invokers.TestInvoker.invokeTestMethod(TestInvoker.java:227)
at org.testng.internal.invokers.MethodRunner.runInSequence(MethodRunner.java:50)
at org.testng.internal.invokers.TestInvoker$MethodInvocationAgent.invoke(TestInvoker.java:957)
at org.testng.internal.invokers.TestInvoker.invokeTestMethods(TestInvoker.java:200)
at org.testng.internal.invokers.TestMethodWorker.invokeTestMethods(TestMethodWorker.java:148)
at org.testng.internal.invokers.TestMethodWorker.run(TestMethodWorker.java:128)
at java.base/java.util.ArrayList.forEach(ArrayList.java:1511)
at org.testng.TestRunner.privateRun(TestRunner.java:848)
at org.testng.TestRunner.run(TestRunner.java:621)
at org.testng.SuiteRunner.runTest(SuiteRunner.java:443)
at org.testng.SuiteRunner.runSequentially(SuiteRunner.java:437)
at org.testng.SuiteRunner.privateRun(SuiteRunner.java:397)
at org.testng.SuiteRunner.run(SuiteRunner.java:336)
at org.testng.SuiteRunnerWorker.runSuite(SuiteRunnerWorker.java:52)
at org.testng.SuiteRunnerWorker.run(SuiteRunnerWorker.java:95)
at org.testng.TestNG.runSuitesSequentially(TestNG.java:1280)
at org.testng.TestNG.runSuitesLocally(TestNG.java:1200)
at org.testng.TestNG.runSuites(TestNG.java:1114)
at org.testng.TestNG.run(TestNG.java:1082)
at org.testng.remote.AbstractRemoteTestNG.run(AbstractRemoteTestNG.java:115)
at org.testng.remote.RemoteTestNG.initAndRun(RemoteTestNG.java:251)
at org.testng.remote.RemoteTestNG.main(RemoteTestNG.java:77)
]]>
            </full-stacktrace>
          </exception> <!-- org.openqa.selenium.TimeoutException -->
          <reporter-output>
          </reporter-output>
        </test-method> <!-- setup -->
        <test-method signature="verifyHomePageTitle()[pri:1, instance:com.bank.qa.testcases.HomePageTest@6c6cb480]" started-at="2024-03-20T15:11:54 IST" name="verifyHomePageTitle" finished-at="2024-03-20T15:11:54 IST" duration-ms="0" status="SKIP">
          <exception class="org.openqa.selenium.TimeoutException">
            <message>
              <![CDATA[timeout: Timed out receiving message from renderer: 18.965
  (Session info: chrome=122.0.6261.112)
Build info: version: '4.18.1', revision: 'b1d3319b48'
System info: os.name: 'Windows 11', os.arch: 'amd64', os.version: '10.0', java.version: '17.0.8'
Driver info: org.openqa.selenium.chrome.ChromeDriver
Command: [36fdd2b8d6fac45dbd8199954d47ab70, get {url=https://demo.guru99.com/V4/index.php}]
Capabilities {acceptInsecureCerts: false, browserName: chrome, browserVersion: 122.0.6261.112, chrome: {chromedriverVersion: 122.0.6261.128 (f18a44fedeb..., userDataDir: C:\Users\navee\AppData\Loca...}, fedcm:accounts: true, goog:chromeOptions: {debuggerAddress: localhost:52103}, networkConnectionEnabled: false, pageLoadStrategy: normal, platformName: windows, proxy: Proxy(), se:cdp: ws://localhost:52103/devtoo..., se:cdpVersion: 122.0.6261.112, setWindowRect: true, strictFileInteractability: false, timeouts: {implicit: 0, pageLoad: 300000, script: 30000}, unhandledPromptBehavior: dismiss and notify, webauthn:extension:credBlob: true, webauthn:extension:largeBlob: true, webauthn:extension:minPinLength: true, webauthn:extension:prf: true, webauthn:virtualAuthenticators: true}
Session ID: 36fdd2b8d6fac45dbd8199954d47ab70]]>
            </message>
            <full-stacktrace>
              <![CDATA[org.openqa.selenium.TimeoutException: timeout: Timed out receiving message from renderer: 18.965
  (Session info: chrome=122.0.6261.112)
Build info: version: '4.18.1', revision: 'b1d3319b48'
System info: os.name: 'Windows 11', os.arch: 'amd64', os.version: '10.0', java.version: '17.0.8'
Driver info: org.openqa.selenium.chrome.ChromeDriver
Command: [36fdd2b8d6fac45dbd8199954d47ab70, get {url=https://demo.guru99.com/V4/index.php}]
Capabilities {acceptInsecureCerts: false, browserName: chrome, browserVersion: 122.0.6261.112, chrome: {chromedriverVersion: 122.0.6261.128 (f18a44fedeb..., userDataDir: C:\Users\navee\AppData\Loca...}, fedcm:accounts: true, goog:chromeOptions: {debuggerAddress: localhost:52103}, networkConnectionEnabled: false, pageLoadStrategy: normal, platformName: windows, proxy: Proxy(), se:cdp: ws://localhost:52103/devtoo..., se:cdpVersion: 122.0.6261.112, setWindowRect: true, strictFileInteractability: false, timeouts: {implicit: 0, pageLoad: 300000, script: 30000}, unhandledPromptBehavior: dismiss and notify, webauthn:extension:credBlob: true, webauthn:extension:largeBlob: true, webauthn:extension:minPinLength: true, webauthn:extension:prf: true, webauthn:virtualAuthenticators: true}
Session ID: 36fdd2b8d6fac45dbd8199954d47ab70
at java.base/jdk.internal.reflect.NativeConstructorAccessorImpl.newInstance0(Native Method)
at java.base/jdk.internal.reflect.NativeConstructorAccessorImpl.newInstance(NativeConstructorAccessorImpl.java:77)
at java.base/jdk.internal.reflect.DelegatingConstructorAccessorImpl.newInstance(DelegatingConstructorAccessorImpl.java:45)
at java.base/java.lang.reflect.Constructor.newInstanceWithCaller(Constructor.java:499)
at java.base/java.lang.reflect.Constructor.newInstance(Constructor.java:480)
at org.openqa.selenium.remote.ErrorCodec.decode(ErrorCodec.java:167)
at org.openqa.selenium.remote.codec.w3c.W3CHttpResponseCodec.decode(W3CHttpResponseCodec.java:138)
at org.openqa.selenium.remote.codec.w3c.W3CHttpResponseCodec.decode(W3CHttpResponseCodec.java:50)
at org.openqa.selenium.remote.HttpCommandExecutor.execute(HttpCommandExecutor.java:190)
at org.openqa.selenium.remote.service.DriverCommandExecutor.invokeExecute(DriverCommandExecutor.java:216)
at org.openqa.selenium.remote.service.DriverCommandExecutor.execute(DriverCommandExecutor.java:174)
at org.openqa.selenium.remote.RemoteWebDriver.execute(RemoteWebDriver.java:519)
at org.openqa.selenium.remote.RemoteWebDriver.get(RemoteWebDriver.java:301)
at com.bank.qa.base.TestBase.initialization(TestBase.java:71)
at com.bank.qa.testcases.HomePageTest.setup(HomePageTest.java:32)
at java.base/jdk.internal.reflect.NativeMethodAccessorImpl.invoke0(Native Method)
at java.base/jdk.internal.reflect.NativeMethodAccessorImpl.invoke(NativeMethodAccessorImpl.java:77)
at java.base/jdk.internal.reflect.DelegatingMethodAccessorImpl.invoke(DelegatingMethodAccessorImpl.java:43)
at java.base/java.lang.reflect.Method.invoke(Method.java:568)
at org.testng.internal.invokers.MethodInvocationHelper.invokeMethod(MethodInvocationHelper.java:139)
at org.testng.internal.invokers.MethodInvocationHelper.invokeMethodConsideringTimeout(MethodInvocationHelper.java:69)
at org.testng.internal.invokers.ConfigInvoker.invokeConfigurationMethod(ConfigInvoker.java:390)
at org.testng.internal.invokers.ConfigInvoker.invokeConfigurations(ConfigInvoker.java:325)
at org.testng.internal.invokers.TestInvoker.runConfigMethods(TestInvoker.java:810)
at org.testng.internal.invokers.TestInvoker.invokeMethod(TestInvoker.java:577)
at org.testng.internal.invokers.TestInvoker.invokeTestMethod(TestInvoker.java:227)
at org.testng.internal.invokers.MethodRunner.runInSequence(MethodRunner.java:50)
at org.testng.internal.invokers.TestInvoker$MethodInvocationAgent.invoke(TestInvoker.java:957)
at org.testng.internal.invokers.TestInvoker.invokeTestMethods(TestInvoker.java:200)
at org.testng.internal.invokers.TestMethodWorker.invokeTestMethods(TestMethodWorker.java:148)
at org.testng.internal.invokers.TestMethodWorker.run(TestMethodWorker.java:128)
at java.base/java.util.ArrayList.forEach(ArrayList.java:1511)
at org.testng.TestRunner.privateRun(TestRunner.java:848)
at org.testng.TestRunner.run(TestRunner.java:621)
at org.testng.SuiteRunner.runTest(SuiteRunner.java:443)
at org.testng.SuiteRunner.runSequentially(SuiteRunner.java:437)
at org.testng.SuiteRunner.privateRun(SuiteRunner.java:397)
at org.testng.SuiteRunner.run(SuiteRunner.java:336)
at org.testng.SuiteRunnerWorker.runSuite(SuiteRunnerWorker.java:52)
at org.testng.SuiteRunnerWorker.run(SuiteRunnerWorker.java:95)
at org.testng.TestNG.runSuitesSequentially(TestNG.java:1280)
at org.testng.TestNG.runSuitesLocally(TestNG.java:1200)
at org.testng.TestNG.runSuites(TestNG.java:1114)
at org.testng.TestNG.run(TestNG.java:1082)
at org.testng.remote.AbstractRemoteTestNG.run(AbstractRemoteTestNG.java:115)
at org.testng.remote.RemoteTestNG.initAndRun(RemoteTestNG.java:251)
at org.testng.remote.RemoteTestNG.main(RemoteTestNG.java:77)
]]>
            </full-stacktrace>
          </exception> <!-- org.openqa.selenium.TimeoutException -->
          <reporter-output>
          </reporter-output>
        </test-method> <!-- verifyHomePageTitle -->
        <test-method is-config="true" signature="tearDown()[pri:0, instance:com.bank.qa.testcases.HomePageTest@6c6cb480]" started-at="2024-03-20T15:11:54 IST" name="tearDown" finished-at="2024-03-20T15:11:54 IST" duration-ms="0" status="SKIP">
          <reporter-output>
          </reporter-output>
        </test-method> <!-- tearDown -->
        <test-method signature="verifyManagerLabel()[pri:2, instance:com.bank.qa.testcases.HomePageTest@6c6cb480]" started-at="2024-03-20T15:11:54 IST" name="verifyManagerLabel" finished-at="2024-03-20T15:11:54 IST" duration-ms="0" status="SKIP">
          <exception class="org.openqa.selenium.TimeoutException">
            <message>
              <![CDATA[timeout: Timed out receiving message from renderer: 18.965
  (Session info: chrome=122.0.6261.112)
Build info: version: '4.18.1', revision: 'b1d3319b48'
System info: os.name: 'Windows 11', os.arch: 'amd64', os.version: '10.0', java.version: '17.0.8'
Driver info: org.openqa.selenium.chrome.ChromeDriver
Command: [36fdd2b8d6fac45dbd8199954d47ab70, get {url=https://demo.guru99.com/V4/index.php}]
Capabilities {acceptInsecureCerts: false, browserName: chrome, browserVersion: 122.0.6261.112, chrome: {chromedriverVersion: 122.0.6261.128 (f18a44fedeb..., userDataDir: C:\Users\navee\AppData\Loca...}, fedcm:accounts: true, goog:chromeOptions: {debuggerAddress: localhost:52103}, networkConnectionEnabled: false, pageLoadStrategy: normal, platformName: windows, proxy: Proxy(), se:cdp: ws://localhost:52103/devtoo..., se:cdpVersion: 122.0.6261.112, setWindowRect: true, strictFileInteractability: false, timeouts: {implicit: 0, pageLoad: 300000, script: 30000}, unhandledPromptBehavior: dismiss and notify, webauthn:extension:credBlob: true, webauthn:extension:largeBlob: true, webauthn:extension:minPinLength: true, webauthn:extension:prf: true, webauthn:virtualAuthenticators: true}
Session ID: 36fdd2b8d6fac45dbd8199954d47ab70]]>
            </message>
            <full-stacktrace>
              <![CDATA[org.openqa.selenium.TimeoutException: timeout: Timed out receiving message from renderer: 18.965
  (Session info: chrome=122.0.6261.112)
Build info: version: '4.18.1', revision: 'b1d3319b48'
System info: os.name: 'Windows 11', os.arch: 'amd64', os.version: '10.0', java.version: '17.0.8'
Driver info: org.openqa.selenium.chrome.ChromeDriver
Command: [36fdd2b8d6fac45dbd8199954d47ab70, get {url=https://demo.guru99.com/V4/index.php}]
Capabilities {acceptInsecureCerts: false, browserName: chrome, browserVersion: 122.0.6261.112, chrome: {chromedriverVersion: 122.0.6261.128 (f18a44fedeb..., userDataDir: C:\Users\navee\AppData\Loca...}, fedcm:accounts: true, goog:chromeOptions: {debuggerAddress: localhost:52103}, networkConnectionEnabled: false, pageLoadStrategy: normal, platformName: windows, proxy: Proxy(), se:cdp: ws://localhost:52103/devtoo..., se:cdpVersion: 122.0.6261.112, setWindowRect: true, strictFileInteractability: false, timeouts: {implicit: 0, pageLoad: 300000, script: 30000}, unhandledPromptBehavior: dismiss and notify, webauthn:extension:credBlob: true, webauthn:extension:largeBlob: true, webauthn:extension:minPinLength: true, webauthn:extension:prf: true, webauthn:virtualAuthenticators: true}
Session ID: 36fdd2b8d6fac45dbd8199954d47ab70
at java.base/jdk.internal.reflect.NativeConstructorAccessorImpl.newInstance0(Native Method)
at java.base/jdk.internal.reflect.NativeConstructorAccessorImpl.newInstance(NativeConstructorAccessorImpl.java:77)
at java.base/jdk.internal.reflect.DelegatingConstructorAccessorImpl.newInstance(DelegatingConstructorAccessorImpl.java:45)
at java.base/java.lang.reflect.Constructor.newInstanceWithCaller(Constructor.java:499)
at java.base/java.lang.reflect.Constructor.newInstance(Constructor.java:480)
at org.openqa.selenium.remote.ErrorCodec.decode(ErrorCodec.java:167)
at org.openqa.selenium.remote.codec.w3c.W3CHttpResponseCodec.decode(W3CHttpResponseCodec.java:138)
at org.openqa.selenium.remote.codec.w3c.W3CHttpResponseCodec.decode(W3CHttpResponseCodec.java:50)
at org.openqa.selenium.remote.HttpCommandExecutor.execute(HttpCommandExecutor.java:190)
at org.openqa.selenium.remote.service.DriverCommandExecutor.invokeExecute(DriverCommandExecutor.java:216)
at org.openqa.selenium.remote.service.DriverCommandExecutor.execute(DriverCommandExecutor.java:174)
at org.openqa.selenium.remote.RemoteWebDriver.execute(RemoteWebDriver.java:519)
at org.openqa.selenium.remote.RemoteWebDriver.get(RemoteWebDriver.java:301)
at com.bank.qa.base.TestBase.initialization(TestBase.java:71)
at com.bank.qa.testcases.HomePageTest.setup(HomePageTest.java:32)
at java.base/jdk.internal.reflect.NativeMethodAccessorImpl.invoke0(Native Method)
at java.base/jdk.internal.reflect.NativeMethodAccessorImpl.invoke(NativeMethodAccessorImpl.java:77)
at java.base/jdk.internal.reflect.DelegatingMethodAccessorImpl.invoke(DelegatingMethodAccessorImpl.java:43)
at java.base/java.lang.reflect.Method.invoke(Method.java:568)
at org.testng.internal.invokers.MethodInvocationHelper.invokeMethod(MethodInvocationHelper.java:139)
at org.testng.internal.invokers.MethodInvocationHelper.invokeMethodConsideringTimeout(MethodInvocationHelper.java:69)
at org.testng.internal.invokers.ConfigInvoker.invokeConfigurationMethod(ConfigInvoker.java:390)
at org.testng.internal.invokers.ConfigInvoker.invokeConfigurations(ConfigInvoker.java:325)
at org.testng.internal.invokers.TestInvoker.runConfigMethods(TestInvoker.java:810)
at org.testng.internal.invokers.TestInvoker.invokeMethod(TestInvoker.java:577)
at org.testng.internal.invokers.TestInvoker.invokeTestMethod(TestInvoker.java:227)
at org.testng.internal.invokers.MethodRunner.runInSequence(MethodRunner.java:50)
at org.testng.internal.invokers.TestInvoker$MethodInvocationAgent.invoke(TestInvoker.java:957)
at org.testng.internal.invokers.TestInvoker.invokeTestMethods(TestInvoker.java:200)
at org.testng.internal.invokers.TestMethodWorker.invokeTestMethods(TestMethodWorker.java:148)
at org.testng.internal.invokers.TestMethodWorker.run(TestMethodWorker.java:128)
at java.base/java.util.ArrayList.forEach(ArrayList.java:1511)
at org.testng.TestRunner.privateRun(TestRunner.java:848)
at org.testng.TestRunner.run(TestRunner.java:621)
at org.testng.SuiteRunner.runTest(SuiteRunner.java:443)
at org.testng.SuiteRunner.runSequentially(SuiteRunner.java:437)
at org.testng.SuiteRunner.privateRun(SuiteRunner.java:397)
at org.testng.SuiteRunner.run(SuiteRunner.java:336)
at org.testng.SuiteRunnerWorker.runSuite(SuiteRunnerWorker.java:52)
at org.testng.SuiteRunnerWorker.run(SuiteRunnerWorker.java:95)
at org.testng.TestNG.runSuitesSequentially(TestNG.java:1280)
at org.testng.TestNG.runSuitesLocally(TestNG.java:1200)
at org.testng.TestNG.runSuites(TestNG.java:1114)
at org.testng.TestNG.run(TestNG.java:1082)
at org.testng.remote.AbstractRemoteTestNG.run(AbstractRemoteTestNG.java:115)
at org.testng.remote.RemoteTestNG.initAndRun(RemoteTestNG.java:251)
at org.testng.remote.RemoteTestNG.main(RemoteTestNG.java:77)
]]>
            </full-stacktrace>
          </exception> <!-- org.openqa.selenium.TimeoutException -->
          <reporter-output>
          </reporter-output>
        </test-method> <!-- verifyManagerLabel -->
        <test-method is-config="true" signature="setup()[pri:0, instance:com.bank.qa.testcases.HomePageTest@6c6cb480]" started-at="2024-03-20T15:11:54 IST" name="setup" finished-at="2024-03-20T15:11:54 IST" duration-ms="0" status="SKIP">
          <reporter-output>
          </reporter-output>
        </test-method> <!-- setup -->
        <test-method is-config="true" signature="tearDown()[pri:0, instance:com.bank.qa.testcases.HomePageTest@6c6cb480]" started-at="2024-03-20T15:11:54 IST" name="tearDown" finished-at="2024-03-20T15:11:54 IST" duration-ms="0" status="SKIP">
          <reporter-output>
          </reporter-output>
        </test-method> <!-- tearDown -->
        <test-method is-config="true" signature="setup()[pri:0, instance:com.bank.qa.testcases.HomePageTest@6c6cb480]" started-at="2024-03-20T15:11:54 IST" name="setup" finished-at="2024-03-20T15:11:54 IST" duration-ms="0" status="SKIP">
          <reporter-output>
          </reporter-output>
        </test-method> <!-- setup -->
        <test-method signature="verifyEditLinkTest()[pri:3, instance:com.bank.qa.testcases.HomePageTest@6c6cb480]" started-at="2024-03-20T15:11:54 IST" name="verifyEditLinkTest" finished-at="2024-03-20T15:11:54 IST" duration-ms="0" status="SKIP">
          <exception class="org.openqa.selenium.TimeoutException">
            <message>
              <![CDATA[timeout: Timed out receiving message from renderer: 18.965
  (Session info: chrome=122.0.6261.112)
Build info: version: '4.18.1', revision: 'b1d3319b48'
System info: os.name: 'Windows 11', os.arch: 'amd64', os.version: '10.0', java.version: '17.0.8'
Driver info: org.openqa.selenium.chrome.ChromeDriver
Command: [36fdd2b8d6fac45dbd8199954d47ab70, get {url=https://demo.guru99.com/V4/index.php}]
Capabilities {acceptInsecureCerts: false, browserName: chrome, browserVersion: 122.0.6261.112, chrome: {chromedriverVersion: 122.0.6261.128 (f18a44fedeb..., userDataDir: C:\Users\navee\AppData\Loca...}, fedcm:accounts: true, goog:chromeOptions: {debuggerAddress: localhost:52103}, networkConnectionEnabled: false, pageLoadStrategy: normal, platformName: windows, proxy: Proxy(), se:cdp: ws://localhost:52103/devtoo..., se:cdpVersion: 122.0.6261.112, setWindowRect: true, strictFileInteractability: false, timeouts: {implicit: 0, pageLoad: 300000, script: 30000}, unhandledPromptBehavior: dismiss and notify, webauthn:extension:credBlob: true, webauthn:extension:largeBlob: true, webauthn:extension:minPinLength: true, webauthn:extension:prf: true, webauthn:virtualAuthenticators: true}
Session ID: 36fdd2b8d6fac45dbd8199954d47ab70]]>
            </message>
            <full-stacktrace>
              <![CDATA[org.openqa.selenium.TimeoutException: timeout: Timed out receiving message from renderer: 18.965
  (Session info: chrome=122.0.6261.112)
Build info: version: '4.18.1', revision: 'b1d3319b48'
System info: os.name: 'Windows 11', os.arch: 'amd64', os.version: '10.0', java.version: '17.0.8'
Driver info: org.openqa.selenium.chrome.ChromeDriver
Command: [36fdd2b8d6fac45dbd8199954d47ab70, get {url=https://demo.guru99.com/V4/index.php}]
Capabilities {acceptInsecureCerts: false, browserName: chrome, browserVersion: 122.0.6261.112, chrome: {chromedriverVersion: 122.0.6261.128 (f18a44fedeb..., userDataDir: C:\Users\navee\AppData\Loca...}, fedcm:accounts: true, goog:chromeOptions: {debuggerAddress: localhost:52103}, networkConnectionEnabled: false, pageLoadStrategy: normal, platformName: windows, proxy: Proxy(), se:cdp: ws://localhost:52103/devtoo..., se:cdpVersion: 122.0.6261.112, setWindowRect: true, strictFileInteractability: false, timeouts: {implicit: 0, pageLoad: 300000, script: 30000}, unhandledPromptBehavior: dismiss and notify, webauthn:extension:credBlob: true, webauthn:extension:largeBlob: true, webauthn:extension:minPinLength: true, webauthn:extension:prf: true, webauthn:virtualAuthenticators: true}
Session ID: 36fdd2b8d6fac45dbd8199954d47ab70
at java.base/jdk.internal.reflect.NativeConstructorAccessorImpl.newInstance0(Native Method)
at java.base/jdk.internal.reflect.NativeConstructorAccessorImpl.newInstance(NativeConstructorAccessorImpl.java:77)
at java.base/jdk.internal.reflect.DelegatingConstructorAccessorImpl.newInstance(DelegatingConstructorAccessorImpl.java:45)
at java.base/java.lang.reflect.Constructor.newInstanceWithCaller(Constructor.java:499)
at java.base/java.lang.reflect.Constructor.newInstance(Constructor.java:480)
at org.openqa.selenium.remote.ErrorCodec.decode(ErrorCodec.java:167)
at org.openqa.selenium.remote.codec.w3c.W3CHttpResponseCodec.decode(W3CHttpResponseCodec.java:138)
at org.openqa.selenium.remote.codec.w3c.W3CHttpResponseCodec.decode(W3CHttpResponseCodec.java:50)
at org.openqa.selenium.remote.HttpCommandExecutor.execute(HttpCommandExecutor.java:190)
at org.openqa.selenium.remote.service.DriverCommandExecutor.invokeExecute(DriverCommandExecutor.java:216)
at org.openqa.selenium.remote.service.DriverCommandExecutor.execute(DriverCommandExecutor.java:174)
at org.openqa.selenium.remote.RemoteWebDriver.execute(RemoteWebDriver.java:519)
at org.openqa.selenium.remote.RemoteWebDriver.get(RemoteWebDriver.java:301)
at com.bank.qa.base.TestBase.initialization(TestBase.java:71)
at com.bank.qa.testcases.HomePageTest.setup(HomePageTest.java:32)
at java.base/jdk.internal.reflect.NativeMethodAccessorImpl.invoke0(Native Method)
at java.base/jdk.internal.reflect.NativeMethodAccessorImpl.invoke(NativeMethodAccessorImpl.java:77)
at java.base/jdk.internal.reflect.DelegatingMethodAccessorImpl.invoke(DelegatingMethodAccessorImpl.java:43)
at java.base/java.lang.reflect.Method.invoke(Method.java:568)
at org.testng.internal.invokers.MethodInvocationHelper.invokeMethod(MethodInvocationHelper.java:139)
at org.testng.internal.invokers.MethodInvocationHelper.invokeMethodConsideringTimeout(MethodInvocationHelper.java:69)
at org.testng.internal.invokers.ConfigInvoker.invokeConfigurationMethod(ConfigInvoker.java:390)
at org.testng.internal.invokers.ConfigInvoker.invokeConfigurations(ConfigInvoker.java:325)
at org.testng.internal.invokers.TestInvoker.runConfigMethods(TestInvoker.java:810)
at org.testng.internal.invokers.TestInvoker.invokeMethod(TestInvoker.java:577)
at org.testng.internal.invokers.TestInvoker.invokeTestMethod(TestInvoker.java:227)
at org.testng.internal.invokers.MethodRunner.runInSequence(MethodRunner.java:50)
at org.testng.internal.invokers.TestInvoker$MethodInvocationAgent.invoke(TestInvoker.java:957)
at org.testng.internal.invokers.TestInvoker.invokeTestMethods(TestInvoker.java:200)
at org.testng.internal.invokers.TestMethodWorker.invokeTestMethods(TestMethodWorker.java:148)
at org.testng.internal.invokers.TestMethodWorker.run(TestMethodWorker.java:128)
at java.base/java.util.ArrayList.forEach(ArrayList.java:1511)
at org.testng.TestRunner.privateRun(TestRunner.java:848)
at org.testng.TestRunner.run(TestRunner.java:621)
at org.testng.SuiteRunner.runTest(SuiteRunner.java:443)
at org.testng.SuiteRunner.runSequentially(SuiteRunner.java:437)
at org.testng.SuiteRunner.privateRun(SuiteRunner.java:397)
at org.testng.SuiteRunner.run(SuiteRunner.java:336)
at org.testng.SuiteRunnerWorker.runSuite(SuiteRunnerWorker.java:52)
at org.testng.SuiteRunnerWorker.run(SuiteRunnerWorker.java:95)
at org.testng.TestNG.runSuitesSequentially(TestNG.java:1280)
at org.testng.TestNG.runSuitesLocally(TestNG.java:1200)
at org.testng.TestNG.runSuites(TestNG.java:1114)
at org.testng.TestNG.run(TestNG.java:1082)
at org.testng.remote.AbstractRemoteTestNG.run(AbstractRemoteTestNG.java:115)
at org.testng.remote.RemoteTestNG.initAndRun(RemoteTestNG.java:251)
at org.testng.remote.RemoteTestNG.main(RemoteTestNG.java:77)
]]>
            </full-stacktrace>
          </exception> <!-- org.openqa.selenium.TimeoutException -->
          <reporter-output>
          </reporter-output>
        </test-method> <!-- verifyEditLinkTest -->
        <test-method is-config="true" signature="tearDown()[pri:0, instance:com.bank.qa.testcases.HomePageTest@6c6cb480]" started-at="2024-03-20T15:11:54 IST" name="tearDown" finished-at="2024-03-20T15:11:54 IST" duration-ms="0" status="SKIP">
          <reporter-output>
          </reporter-output>
        </test-method> <!-- tearDown -->
      </class> <!-- com.bank.qa.testcases.HomePageTest -->
      <class name="com.bank.qa.testcases.LoginTest">
        <test-method is-config="true" signature="setup()[pri:0, instance:com.bank.qa.testcases.LoginTest@408d971b]" started-at="2024-03-20T15:11:14 IST" name="setup" finished-at="2024-03-20T15:11:20 IST" duration-ms="5139" status="PASS">
          <reporter-output>
          </reporter-output>
        </test-method> <!-- setup -->
        <test-method signature="loginPageTitleTest()[pri:1, instance:com.bank.qa.testcases.LoginTest@408d971b]" started-at="2024-03-20T15:11:20 IST" name="loginPageTitleTest" finished-at="2024-03-20T15:11:20 IST" duration-ms="22" status="PASS">
          <reporter-output>
          </reporter-output>
        </test-method> <!-- loginPageTitleTest -->
        <test-method is-config="true" signature="tearDown()[pri:0, instance:com.bank.qa.testcases.LoginTest@408d971b]" started-at="2024-03-20T15:11:20 IST" name="tearDown" finished-at="2024-03-20T15:11:20 IST" duration-ms="276" status="PASS">
          <reporter-output>
          </reporter-output>
        </test-method> <!-- tearDown -->
        <test-method is-config="true" signature="setup()[pri:0, instance:com.bank.qa.testcases.LoginTest@408d971b]" started-at="2024-03-20T15:11:20 IST" name="setup" finished-at="2024-03-20T15:11:25 IST" duration-ms="5473" status="PASS">
          <reporter-output>
          </reporter-output>
        </test-method> <!-- setup -->
        <test-method signature="verifySiteLogo()[pri:2, instance:com.bank.qa.testcases.LoginTest@408d971b]" started-at="2024-03-20T15:11:25 IST" name="verifySiteLogo" finished-at="2024-03-20T15:11:25 IST" duration-ms="37" status="PASS">
          <reporter-output>
          </reporter-output>
        </test-method> <!-- verifySiteLogo -->
        <test-method is-config="true" signature="tearDown()[pri:0, instance:com.bank.qa.testcases.LoginTest@408d971b]" started-at="2024-03-20T15:11:25 IST" name="tearDown" finished-at="2024-03-20T15:11:26 IST" duration-ms="262" status="PASS">
          <reporter-output>
          </reporter-output>
        </test-method> <!-- tearDown -->
        <test-method is-config="true" signature="setup()[pri:0, instance:com.bank.qa.testcases.LoginTest@408d971b]" started-at="2024-03-20T15:11:26 IST" name="setup" finished-at="2024-03-20T15:11:31 IST" duration-ms="5164" status="PASS">
          <reporter-output>
          </reporter-output>
        </test-method> <!-- setup -->
        <test-method signature="verifyLogin()[pri:3, instance:com.bank.qa.testcases.LoginTest@408d971b]" started-at="2024-03-20T15:11:31 IST" name="verifyLogin" finished-at="2024-03-20T15:11:32 IST" duration-ms="1540" status="PASS">
          <reporter-output>
          </reporter-output>
        </test-method> <!-- verifyLogin -->
        <test-method is-config="true" signature="tearDown()[pri:0, instance:com.bank.qa.testcases.LoginTest@408d971b]" started-at="2024-03-20T15:11:32 IST" name="tearDown" finished-at="2024-03-20T15:11:33 IST" duration-ms="268" status="PASS">
          <reporter-output>
          </reporter-output>
        </test-method> <!-- tearDown -->
      </class> <!-- com.bank.qa.testcases.LoginTest -->
      <class name="com.bank.qa.testcases.LoginPageInvalidLoginsTest">
        <test-method is-config="true" signature="setup()[pri:0, instance:com.bank.qa.testcases.LoginPageInvalidLoginsTest@7b2bbc3]" started-at="2024-03-20T15:10:18 IST" name="setup" finished-at="2024-03-20T15:10:23 IST" duration-ms="4958" status="PASS">
          <reporter-output>
          </reporter-output>
        </test-method> <!-- setup -->
        <test-method signature="verifyInvalidLogins(java.lang.String,java.lang.String)[pri:0, instance:com.bank.qa.testcases.LoginPageInvalidLoginsTest@7b2bbc3]" started-at="2024-03-20T15:10:23 IST" name="verifyInvalidLogins" data-provider="getTestData" finished-at="2024-03-20T15:10:27 IST" duration-ms="4352" status="PASS">
          <params>
            <param index="0">
              <value>
                <![CDATA[messi]]>
              </value>
            </param>
            <param index="1">
              <value>
                <![CDATA[asdas78]]>
              </value>
            </param>
          </params>
          <reporter-output>
          </reporter-output>
        </test-method> <!-- verifyInvalidLogins -->
        <test-method is-config="true" signature="tearDown()[pri:0, instance:com.bank.qa.testcases.LoginPageInvalidLoginsTest@7b2bbc3]" started-at="2024-03-20T15:10:27 IST" name="tearDown" finished-at="2024-03-20T15:10:28 IST" duration-ms="290" status="PASS">
          <reporter-output>
          </reporter-output>
        </test-method> <!-- tearDown -->
        <test-method is-config="true" signature="setup()[pri:0, instance:com.bank.qa.testcases.LoginPageInvalidLoginsTest@7b2bbc3]" started-at="2024-03-20T15:10:28 IST" name="setup" finished-at="2024-03-20T15:10:33 IST" duration-ms="5626" status="PASS">
          <reporter-output>
          </reporter-output>
        </test-method> <!-- setup -->
        <test-method signature="verifyInvalidLogins(java.lang.String,java.lang.String)[pri:0, instance:com.bank.qa.testcases.LoginPageInvalidLoginsTest@7b2bbc3]" started-at="2024-03-20T15:10:33 IST" name="verifyInvalidLogins" data-provider="getTestData" finished-at="2024-03-20T15:10:34 IST" duration-ms="1013" status="PASS">
          <params>
            <param index="0">
              <value>
                <![CDATA[ronaldo]]>
              </value>
            </param>
            <param index="1">
              <value>
                <![CDATA[asdas78]]>
              </value>
            </param>
          </params>
          <reporter-output>
          </reporter-output>
        </test-method> <!-- verifyInvalidLogins -->
        <test-method is-config="true" signature="tearDown()[pri:0, instance:com.bank.qa.testcases.LoginPageInvalidLoginsTest@7b2bbc3]" started-at="2024-03-20T15:10:34 IST" name="tearDown" finished-at="2024-03-20T15:10:35 IST" duration-ms="257" status="PASS">
          <reporter-output>
          </reporter-output>
        </test-method> <!-- tearDown -->
        <test-method is-config="true" signature="setup()[pri:0, instance:com.bank.qa.testcases.LoginPageInvalidLoginsTest@7b2bbc3]" started-at="2024-03-20T15:10:35 IST" name="setup" finished-at="2024-03-20T15:10:40 IST" duration-ms="5209" status="PASS">
          <reporter-output>
          </reporter-output>
        </test-method> <!-- setup -->
        <test-method signature="verifyInvalidLogins(java.lang.String,java.lang.String)[pri:0, instance:com.bank.qa.testcases.LoginPageInvalidLoginsTest@7b2bbc3]" started-at="2024-03-20T15:10:40 IST" name="verifyInvalidLogins" data-provider="getTestData" finished-at="2024-03-20T15:10:41 IST" duration-ms="1477" status="PASS">
          <params>
            <param index="0">
              <value>
                <![CDATA[dhoni]]>
              </value>
            </param>
            <param index="1">
              <value>
                <![CDATA[7878asd]]>
              </value>
            </param>
          </params>
          <reporter-output>
          </reporter-output>
        </test-method> <!-- verifyInvalidLogins -->
        <test-method is-config="true" signature="tearDown()[pri:0, instance:com.bank.qa.testcases.LoginPageInvalidLoginsTest@7b2bbc3]" started-at="2024-03-20T15:10:41 IST" name="tearDown" finished-at="2024-03-20T15:10:42 IST" duration-ms="234" status="PASS">
          <reporter-output>
          </reporter-output>
        </test-method> <!-- tearDown -->
        <test-method is-config="true" signature="setup()[pri:0, instance:com.bank.qa.testcases.LoginPageInvalidLoginsTest@7b2bbc3]" started-at="2024-03-20T15:10:42 IST" name="setup" finished-at="2024-03-20T15:10:48 IST" duration-ms="5993" status="PASS">
          <reporter-output>
          </reporter-output>
        </test-method> <!-- setup -->
        <test-method signature="verifyInvalidLogins(java.lang.String,java.lang.String)[pri:0, instance:com.bank.qa.testcases.LoginPageInvalidLoginsTest@7b2bbc3]" started-at="2024-03-20T15:10:48 IST" name="verifyInvalidLogins" data-provider="getTestData" finished-at="2024-03-20T15:10:49 IST" duration-ms="995" status="PASS">
          <params>
            <param index="0">
              <value>
                <![CDATA[chris]]>
              </value>
            </param>
            <param index="1">
              <value>
                <![CDATA[4a5s5]]>
              </value>
            </param>
          </params>
          <reporter-output>
          </reporter-output>
        </test-method> <!-- verifyInvalidLogins -->
        <test-method is-config="true" signature="tearDown()[pri:0, instance:com.bank.qa.testcases.LoginPageInvalidLoginsTest@7b2bbc3]" started-at="2024-03-20T15:10:49 IST" name="tearDown" finished-at="2024-03-20T15:10:49 IST" duration-ms="250" status="PASS">
          <reporter-output>
          </reporter-output>
        </test-method> <!-- tearDown -->
        <test-method is-config="true" signature="setup()[pri:0, instance:com.bank.qa.testcases.LoginPageInvalidLoginsTest@7b2bbc3]" started-at="2024-03-20T15:10:49 IST" name="setup" finished-at="2024-03-20T15:10:54 IST" duration-ms="5146" status="PASS">
          <reporter-output>
          </reporter-output>
        </test-method> <!-- setup -->
        <test-method signature="verifyInvalidLogins(java.lang.String,java.lang.String)[pri:0, instance:com.bank.qa.testcases.LoginPageInvalidLoginsTest@7b2bbc3]" started-at="2024-03-20T15:10:54 IST" name="verifyInvalidLogins" data-provider="getTestData" finished-at="2024-03-20T15:10:55 IST" duration-ms="758" status="PASS">
          <params>
            <param index="0">
              <value>
                <![CDATA[dave]]>
              </value>
            </param>
            <param index="1">
              <value>
                <![CDATA[asd5]]>
              </value>
            </param>
          </params>
          <reporter-output>
          </reporter-output>
        </test-method> <!-- verifyInvalidLogins -->
        <test-method is-config="true" signature="tearDown()[pri:0, instance:com.bank.qa.testcases.LoginPageInvalidLoginsTest@7b2bbc3]" started-at="2024-03-20T15:10:55 IST" name="tearDown" finished-at="2024-03-20T15:10:55 IST" duration-ms="327" status="PASS">
          <reporter-output>
          </reporter-output>
        </test-method> <!-- tearDown -->
        <test-method is-config="true" signature="setup()[pri:0, instance:com.bank.qa.testcases.LoginPageInvalidLoginsTest@7b2bbc3]" started-at="2024-03-20T15:10:55 IST" name="setup" finished-at="2024-03-20T15:11:00 IST" duration-ms="5361" status="PASS">
          <reporter-output>
          </reporter-output>
        </test-method> <!-- setup -->
        <test-method signature="verifyInvalidLogins(java.lang.String,java.lang.String)[pri:0, instance:com.bank.qa.testcases.LoginPageInvalidLoginsTest@7b2bbc3]" started-at="2024-03-20T15:11:00 IST" name="verifyInvalidLogins" data-provider="getTestData" finished-at="2024-03-20T15:11:01 IST" duration-ms="716" status="PASS">
          <params>
            <param index="0">
              <value>
                <![CDATA[dove]]>
              </value>
            </param>
            <param index="1">
              <value>
                <![CDATA[aswe4]]>
              </value>
            </param>
          </params>
          <reporter-output>
          </reporter-output>
        </test-method> <!-- verifyInvalidLogins -->
        <test-method is-config="true" signature="tearDown()[pri:0, instance:com.bank.qa.testcases.LoginPageInvalidLoginsTest@7b2bbc3]" started-at="2024-03-20T15:11:01 IST" name="tearDown" finished-at="2024-03-20T15:11:01 IST" duration-ms="251" status="PASS">
          <reporter-output>
          </reporter-output>
        </test-method> <!-- tearDown -->
        <test-method is-config="true" signature="setup()[pri:0, instance:com.bank.qa.testcases.LoginPageInvalidLoginsTest@7b2bbc3]" started-at="2024-03-20T15:11:01 IST" name="setup" finished-at="2024-03-20T15:11:07 IST" duration-ms="5149" status="PASS">
          <reporter-output>
          </reporter-output>
        </test-method> <!-- setup -->
        <test-method signature="verifyInvalidLogins(java.lang.String,java.lang.String)[pri:0, instance:com.bank.qa.testcases.LoginPageInvalidLoginsTest@7b2bbc3]" started-at="2024-03-20T15:11:07 IST" name="verifyInvalidLogins" data-provider="getTestData" finished-at="2024-03-20T15:11:07 IST" duration-ms="860" status="PASS">
          <params>
            <param index="0">
              <value>
                <![CDATA[mike]]>
              </value>
            </param>
            <param index="1">
              <value>
                <![CDATA[asdas2]]>
              </value>
            </param>
          </params>
          <reporter-output>
          </reporter-output>
        </test-method> <!-- verifyInvalidLogins -->
        <test-method is-config="true" signature="tearDown()[pri:0, instance:com.bank.qa.testcases.LoginPageInvalidLoginsTest@7b2bbc3]" started-at="2024-03-20T15:11:07 IST" name="tearDown" finished-at="2024-03-20T15:11:08 IST" duration-ms="300" status="PASS">
          <reporter-output>
          </reporter-output>
        </test-method> <!-- tearDown -->
        <test-method is-config="true" signature="setup()[pri:0, instance:com.bank.qa.testcases.LoginPageInvalidLoginsTest@7b2bbc3]" started-at="2024-03-20T15:11:08 IST" name="setup" finished-at="2024-03-20T15:11:13 IST" duration-ms="5155" status="PASS">
          <reporter-output>
          </reporter-output>
        </test-method> <!-- setup -->
        <test-method signature="verifyInvalidLogins(java.lang.String,java.lang.String)[pri:0, instance:com.bank.qa.testcases.LoginPageInvalidLoginsTest@7b2bbc3]" started-at="2024-03-20T15:11:13 IST" name="verifyInvalidLogins" data-provider="getTestData" finished-at="2024-03-20T15:11:14 IST" duration-ms="1298" status="PASS">
          <params>
            <param index="0">
              <value>
                <![CDATA[naveen]]>
              </value>
            </param>
            <param index="1">
              <value>
                <![CDATA[asdasd7545]]>
              </value>
            </param>
          </params>
          <reporter-output>
          </reporter-output>
        </test-method> <!-- verifyInvalidLogins -->
        <test-method is-config="true" signature="tearDown()[pri:0, instance:com.bank.qa.testcases.LoginPageInvalidLoginsTest@7b2bbc3]" started-at="2024-03-20T15:11:14 IST" name="tearDown" finished-at="2024-03-20T15:11:14 IST" duration-ms="240" status="PASS">
          <reporter-output>
          </reporter-output>
        </test-method> <!-- tearDown -->
      </class> <!-- com.bank.qa.testcases.LoginPageInvalidLoginsTest -->
    </test> <!-- GURU Bank Site Test -->
  </suite> <!-- Bank Application Sanity Automation Test -->
</testng-results>
