<?xml version="1.0" encoding="UTF-8"?>
<testng-results ignored="0" total="3" passed="3" failed="0" skipped="0">
  <reporter-output>
  </reporter-output>
  <suite started-at="2023-09-11T21:23:21 IST" name="Default suite" finished-at="2023-09-11T21:23:41 IST" duration-ms="20253">
    <groups>
    </groups>
    <test started-at="2023-09-11T21:23:21 IST" name="Default test" finished-at="2023-09-11T21:23:41 IST" duration-ms="20253">
      <class name="com.bank.qa.testcases.LoginTest">
        <test-method is-config="true" signature="setup()[pri:0, instance:com.bank.qa.testcases.LoginTest@71d44a3]" started-at="2023-09-11T21:23:21 IST" name="setup" finished-at="2023-09-11T21:23:28 IST" duration-ms="6797" status="PASS">
          <reporter-output>
          </reporter-output>
        </test-method> <!-- setup -->
        <test-method signature="loginPageTitleTest()[pri:1, instance:com.bank.qa.testcases.LoginTest@71d44a3]" started-at="2023-09-11T21:23:28 IST" name="loginPageTitleTest" finished-at="2023-09-11T21:23:28 IST" duration-ms="20" status="PASS">
          <reporter-output>
          </reporter-output>
        </test-method> <!-- loginPageTitleTest -->
        <test-method is-config="true" signature="tearDown()[pri:0, instance:com.bank.qa.testcases.LoginTest@71d44a3]" started-at="2023-09-11T21:23:28 IST" name="tearDown" finished-at="2023-09-11T21:23:28 IST" duration-ms="265" status="PASS">
          <reporter-output>
          </reporter-output>
        </test-method> <!-- tearDown -->
        <test-method is-config="true" signature="setup()[pri:0, instance:com.bank.qa.testcases.LoginTest@71d44a3]" started-at="2023-09-11T21:23:28 IST" name="setup" finished-at="2023-09-11T21:23:33 IST" duration-ms="4919" status="PASS">
          <reporter-output>
          </reporter-output>
        </test-method> <!-- setup -->
        <test-method signature="verifySiteLogo()[pri:2, instance:com.bank.qa.testcases.LoginTest@71d44a3]" started-at="2023-09-11T21:23:33 IST" name="verifySiteLogo" finished-at="2023-09-11T21:23:33 IST" duration-ms="85" status="PASS">
          <reporter-output>
          </reporter-output>
        </test-method> <!-- verifySiteLogo -->
        <test-method is-config="true" signature="tearDown()[pri:0, instance:com.bank.qa.testcases.LoginTest@71d44a3]" started-at="2023-09-11T21:23:33 IST" name="tearDown" finished-at="2023-09-11T21:23:33 IST" duration-ms="266" status="PASS">
          <reporter-output>
          </reporter-output>
        </test-method> <!-- tearDown -->
        <test-method is-config="true" signature="setup()[pri:0, instance:com.bank.qa.testcases.LoginTest@71d44a3]" started-at="2023-09-11T21:23:33 IST" name="setup" finished-at="2023-09-11T21:23:39 IST" duration-ms="5446" status="PASS">
          <reporter-output>
          </reporter-output>
        </test-method> <!-- setup -->
        <test-method signature="verifyLogin()[pri:3, instance:com.bank.qa.testcases.LoginTest@71d44a3]" started-at="2023-09-11T21:23:39 IST" name="verifyLogin" finished-at="2023-09-11T21:23:41 IST" duration-ms="2005" status="PASS">
          <reporter-output>
          </reporter-output>
        </test-method> <!-- verifyLogin -->
        <test-method is-config="true" signature="tearDown()[pri:0, instance:com.bank.qa.testcases.LoginTest@71d44a3]" started-at="2023-09-11T21:23:41 IST" name="tearDown" finished-at="2023-09-11T21:23:41 IST" duration-ms="398" status="PASS">
          <reporter-output>
          </reporter-output>
        </test-method> <!-- tearDown -->
      </class> <!-- com.bank.qa.testcases.LoginTest -->
    </test> <!-- Default test -->
  </suite> <!-- Default suite -->
</testng-results>
